2022-12-29T12:27:35+00:00 CRITICAL Uncaught Error: Call to undefined function seva_get_fonts() in /home/u799386343/domains/hapwork.co/public_html/wp-content/themes/rara-ecommerce/inc/custom-functions.php:568
Stack trace:
#0 /home/u799386343/domains/hapwork.co/public_html/wp-includes/class-wp-hook.php(308): rara_ecommerce_dynamic_mce_css_ajax_callback()
#1 /home/u799386343/domains/hapwork.co/public_html/wp-includes/class-wp-hook.php(332): WP_Hook->apply_filters()
#2 /home/u799386343/domains/hapwork.co/public_html/wp-includes/plugin.php(517): WP_Hook->do_action()
#3 /home/u799386343/domains/hapwork.co/public_html/wp-admin/admin-ajax.php(188): do_action()
#4 {main}
  thrown in /home/u799386343/domains/hapwork.co/public_html/wp-content/themes/rara-ecommerce/inc/custom-functions.php on line 568

2022-12-29T12:27:35+00:00 CRITICAL Uncaught Error: Call to undefined function seva_get_fonts() in /home/u799386343/domains/hapwork.co/public_html/wp-content/themes/rara-ecommerce/inc/custom-functions.php:568
Stack trace:
#0 /home/u799386343/domains/hapwork.co/public_html/wp-includes/class-wp-hook.php(308): rara_ecommerce_dynamic_mce_css_ajax_callback()
#1 /home/u799386343/domains/hapwork.co/public_html/wp-includes/class-wp-hook.php(332): WP_Hook->apply_filters()
#2 /home/u799386343/domains/hapwork.co/public_html/wp-includes/plugin.php(517): WP_Hook->do_action()
#3 /home/u799386343/domains/hapwork.co/public_html/wp-admin/admin-ajax.php(188): do_action()
#4 {main}
  thrown in /home/u799386343/domains/hapwork.co/public_html/wp-content/themes/rara-ecommerce/inc/custom-functions.php on line 568

2022-12-29T12:32:11+00:00 CRITICAL Uncaught Error: Call to undefined function seva_get_fonts() in /home/u799386343/domains/hapwork.co/public_html/wp-content/themes/rara-ecommerce/inc/custom-functions.php:568
Stack trace:
#0 /home/u799386343/domains/hapwork.co/public_html/wp-includes/class-wp-hook.php(308): rara_ecommerce_dynamic_mce_css_ajax_callback()
#1 /home/u799386343/domains/hapwork.co/public_html/wp-includes/class-wp-hook.php(332): WP_Hook->apply_filters()
#2 /home/u799386343/domains/hapwork.co/public_html/wp-includes/plugin.php(517): WP_Hook->do_action()
#3 /home/u799386343/domains/hapwork.co/public_html/wp-admin/admin-ajax.php(188): do_action()
#4 {main}
  thrown in /home/u799386343/domains/hapwork.co/public_html/wp-content/themes/rara-ecommerce/inc/custom-functions.php on line 568

2022-12-29T12:32:11+00:00 CRITICAL Uncaught Error: Call to undefined function seva_get_fonts() in /home/u799386343/domains/hapwork.co/public_html/wp-content/themes/rara-ecommerce/inc/custom-functions.php:568
Stack trace:
#0 /home/u799386343/domains/hapwork.co/public_html/wp-includes/class-wp-hook.php(308): rara_ecommerce_dynamic_mce_css_ajax_callback()
#1 /home/u799386343/domains/hapwork.co/public_html/wp-includes/class-wp-hook.php(332): WP_Hook->apply_filters()
#2 /home/u799386343/domains/hapwork.co/public_html/wp-includes/plugin.php(517): WP_Hook->do_action()
#3 /home/u799386343/domains/hapwork.co/public_html/wp-admin/admin-ajax.php(188): do_action()
#4 {main}
  thrown in /home/u799386343/domains/hapwork.co/public_html/wp-content/themes/rara-ecommerce/inc/custom-functions.php on line 568

2022-12-29T12:39:51+00:00 CRITICAL Uncaught Error: Call to undefined function seva_get_fonts() in /home/u799386343/domains/hapwork.co/public_html/wp-content/themes/rara-ecommerce/inc/custom-functions.php:568
Stack trace:
#0 /home/u799386343/domains/hapwork.co/public_html/wp-includes/class-wp-hook.php(308): rara_ecommerce_dynamic_mce_css_ajax_callback()
#1 /home/u799386343/domains/hapwork.co/public_html/wp-includes/class-wp-hook.php(332): WP_Hook->apply_filters()
#2 /home/u799386343/domains/hapwork.co/public_html/wp-includes/plugin.php(517): WP_Hook->do_action()
#3 /home/u799386343/domains/hapwork.co/public_html/wp-admin/admin-ajax.php(188): do_action()
#4 {main}
  thrown in /home/u799386343/domains/hapwork.co/public_html/wp-content/themes/rara-ecommerce/inc/custom-functions.php on line 568

2022-12-29T12:39:51+00:00 CRITICAL Uncaught Error: Call to undefined function seva_get_fonts() in /home/u799386343/domains/hapwork.co/public_html/wp-content/themes/rara-ecommerce/inc/custom-functions.php:568
Stack trace:
#0 /home/u799386343/domains/hapwork.co/public_html/wp-includes/class-wp-hook.php(308): rara_ecommerce_dynamic_mce_css_ajax_callback()
#1 /home/u799386343/domains/hapwork.co/public_html/wp-includes/class-wp-hook.php(332): WP_Hook->apply_filters()
#2 /home/u799386343/domains/hapwork.co/public_html/wp-includes/plugin.php(517): WP_Hook->do_action()
#3 /home/u799386343/domains/hapwork.co/public_html/wp-admin/admin-ajax.php(188): do_action()
#4 {main}
  thrown in /home/u799386343/domains/hapwork.co/public_html/wp-content/themes/rara-ecommerce/inc/custom-functions.php on line 568

2022-12-29T12:42:40+00:00 CRITICAL Uncaught Error: Call to undefined function seva_get_fonts() in /home/u799386343/domains/hapwork.co/public_html/wp-content/themes/rara-ecommerce/inc/custom-functions.php:568
Stack trace:
#0 /home/u799386343/domains/hapwork.co/public_html/wp-includes/class-wp-hook.php(308): rara_ecommerce_dynamic_mce_css_ajax_callback()
#1 /home/u799386343/domains/hapwork.co/public_html/wp-includes/class-wp-hook.php(332): WP_Hook->apply_filters()
#2 /home/u799386343/domains/hapwork.co/public_html/wp-includes/plugin.php(517): WP_Hook->do_action()
#3 /home/u799386343/domains/hapwork.co/public_html/wp-admin/admin-ajax.php(188): do_action()
#4 {main}
  thrown in /home/u799386343/domains/hapwork.co/public_html/wp-content/themes/rara-ecommerce/inc/custom-functions.php on line 568

2022-12-29T12:42:40+00:00 CRITICAL Uncaught Error: Call to undefined function seva_get_fonts() in /home/u799386343/domains/hapwork.co/public_html/wp-content/themes/rara-ecommerce/inc/custom-functions.php:568
Stack trace:
#0 /home/u799386343/domains/hapwork.co/public_html/wp-includes/class-wp-hook.php(308): rara_ecommerce_dynamic_mce_css_ajax_callback()
#1 /home/u799386343/domains/hapwork.co/public_html/wp-includes/class-wp-hook.php(332): WP_Hook->apply_filters()
#2 /home/u799386343/domains/hapwork.co/public_html/wp-includes/plugin.php(517): WP_Hook->do_action()
#3 /home/u799386343/domains/hapwork.co/public_html/wp-admin/admin-ajax.php(188): do_action()
#4 {main}
  thrown in /home/u799386343/domains/hapwork.co/public_html/wp-content/themes/rara-ecommerce/inc/custom-functions.php on line 568

2022-12-29T12:45:14+00:00 CRITICAL Uncaught Error: Call to undefined function seva_get_fonts() in /home/u799386343/domains/hapwork.co/public_html/wp-content/themes/rara-ecommerce/inc/custom-functions.php:568
Stack trace:
#0 /home/u799386343/domains/hapwork.co/public_html/wp-includes/class-wp-hook.php(308): rara_ecommerce_dynamic_mce_css_ajax_callback()
#1 /home/u799386343/domains/hapwork.co/public_html/wp-includes/class-wp-hook.php(332): WP_Hook->apply_filters()
#2 /home/u799386343/domains/hapwork.co/public_html/wp-includes/plugin.php(517): WP_Hook->do_action()
#3 /home/u799386343/domains/hapwork.co/public_html/wp-admin/admin-ajax.php(188): do_action()
#4 {main}
  thrown in /home/u799386343/domains/hapwork.co/public_html/wp-content/themes/rara-ecommerce/inc/custom-functions.php on line 568

2022-12-29T12:45:14+00:00 CRITICAL Uncaught Error: Call to undefined function seva_get_fonts() in /home/u799386343/domains/hapwork.co/public_html/wp-content/themes/rara-ecommerce/inc/custom-functions.php:568
Stack trace:
#0 /home/u799386343/domains/hapwork.co/public_html/wp-includes/class-wp-hook.php(308): rara_ecommerce_dynamic_mce_css_ajax_callback()
#1 /home/u799386343/domains/hapwork.co/public_html/wp-includes/class-wp-hook.php(332): WP_Hook->apply_filters()
#2 /home/u799386343/domains/hapwork.co/public_html/wp-includes/plugin.php(517): WP_Hook->do_action()
#3 /home/u799386343/domains/hapwork.co/public_html/wp-admin/admin-ajax.php(188): do_action()
#4 {main}
  thrown in /home/u799386343/domains/hapwork.co/public_html/wp-content/themes/rara-ecommerce/inc/custom-functions.php on line 568

2022-12-29T12:50:54+00:00 CRITICAL Uncaught Error: Call to undefined function seva_get_fonts() in /home/u799386343/domains/hapwork.co/public_html/wp-content/themes/rara-ecommerce/inc/custom-functions.php:568
Stack trace:
#0 /home/u799386343/domains/hapwork.co/public_html/wp-includes/class-wp-hook.php(308): rara_ecommerce_dynamic_mce_css_ajax_callback()
#1 /home/u799386343/domains/hapwork.co/public_html/wp-includes/class-wp-hook.php(332): WP_Hook->apply_filters()
#2 /home/u799386343/domains/hapwork.co/public_html/wp-includes/plugin.php(517): WP_Hook->do_action()
#3 /home/u799386343/domains/hapwork.co/public_html/wp-admin/admin-ajax.php(188): do_action()
#4 {main}
  thrown in /home/u799386343/domains/hapwork.co/public_html/wp-content/themes/rara-ecommerce/inc/custom-functions.php on line 568

2022-12-29T12:50:55+00:00 CRITICAL Uncaught Error: Call to undefined function seva_get_fonts() in /home/u799386343/domains/hapwork.co/public_html/wp-content/themes/rara-ecommerce/inc/custom-functions.php:568
Stack trace:
#0 /home/u799386343/domains/hapwork.co/public_html/wp-includes/class-wp-hook.php(308): rara_ecommerce_dynamic_mce_css_ajax_callback()
#1 /home/u799386343/domains/hapwork.co/public_html/wp-includes/class-wp-hook.php(332): WP_Hook->apply_filters()
#2 /home/u799386343/domains/hapwork.co/public_html/wp-includes/plugin.php(517): WP_Hook->do_action()
#3 /home/u799386343/domains/hapwork.co/public_html/wp-admin/admin-ajax.php(188): do_action()
#4 {main}
  thrown in /home/u799386343/domains/hapwork.co/public_html/wp-content/themes/rara-ecommerce/inc/custom-functions.php on line 568

2022-12-29T12:52:43+00:00 CRITICAL Uncaught Error: Call to undefined function seva_get_fonts() in /home/u799386343/domains/hapwork.co/public_html/wp-content/themes/rara-ecommerce/inc/custom-functions.php:568
Stack trace:
#0 /home/u799386343/domains/hapwork.co/public_html/wp-includes/class-wp-hook.php(308): rara_ecommerce_dynamic_mce_css_ajax_callback()
#1 /home/u799386343/domains/hapwork.co/public_html/wp-includes/class-wp-hook.php(332): WP_Hook->apply_filters()
#2 /home/u799386343/domains/hapwork.co/public_html/wp-includes/plugin.php(517): WP_Hook->do_action()
#3 /home/u799386343/domains/hapwork.co/public_html/wp-admin/admin-ajax.php(188): do_action()
#4 {main}
  thrown in /home/u799386343/domains/hapwork.co/public_html/wp-content/themes/rara-ecommerce/inc/custom-functions.php on line 568

2022-12-29T12:52:43+00:00 CRITICAL Uncaught Error: Call to undefined function seva_get_fonts() in /home/u799386343/domains/hapwork.co/public_html/wp-content/themes/rara-ecommerce/inc/custom-functions.php:568
Stack trace:
#0 /home/u799386343/domains/hapwork.co/public_html/wp-includes/class-wp-hook.php(308): rara_ecommerce_dynamic_mce_css_ajax_callback()
#1 /home/u799386343/domains/hapwork.co/public_html/wp-includes/class-wp-hook.php(332): WP_Hook->apply_filters()
#2 /home/u799386343/domains/hapwork.co/public_html/wp-includes/plugin.php(517): WP_Hook->do_action()
#3 /home/u799386343/domains/hapwork.co/public_html/wp-admin/admin-ajax.php(188): do_action()
#4 {main}
  thrown in /home/u799386343/domains/hapwork.co/public_html/wp-content/themes/rara-ecommerce/inc/custom-functions.php on line 568

2022-12-29T12:54:13+00:00 CRITICAL Uncaught Error: Call to undefined function seva_get_fonts() in /home/u799386343/domains/hapwork.co/public_html/wp-content/themes/rara-ecommerce/inc/custom-functions.php:568
Stack trace:
#0 /home/u799386343/domains/hapwork.co/public_html/wp-includes/class-wp-hook.php(308): rara_ecommerce_dynamic_mce_css_ajax_callback()
#1 /home/u799386343/domains/hapwork.co/public_html/wp-includes/class-wp-hook.php(332): WP_Hook->apply_filters()
#2 /home/u799386343/domains/hapwork.co/public_html/wp-includes/plugin.php(517): WP_Hook->do_action()
#3 /home/u799386343/domains/hapwork.co/public_html/wp-admin/admin-ajax.php(188): do_action()
#4 {main}
  thrown in /home/u799386343/domains/hapwork.co/public_html/wp-content/themes/rara-ecommerce/inc/custom-functions.php on line 568

2022-12-29T12:54:13+00:00 CRITICAL Uncaught Error: Call to undefined function seva_get_fonts() in /home/u799386343/domains/hapwork.co/public_html/wp-content/themes/rara-ecommerce/inc/custom-functions.php:568
Stack trace:
#0 /home/u799386343/domains/hapwork.co/public_html/wp-includes/class-wp-hook.php(308): rara_ecommerce_dynamic_mce_css_ajax_callback()
#1 /home/u799386343/domains/hapwork.co/public_html/wp-includes/class-wp-hook.php(332): WP_Hook->apply_filters()
#2 /home/u799386343/domains/hapwork.co/public_html/wp-includes/plugin.php(517): WP_Hook->do_action()
#3 /home/u799386343/domains/hapwork.co/public_html/wp-admin/admin-ajax.php(188): do_action()
#4 {main}
  thrown in /home/u799386343/domains/hapwork.co/public_html/wp-content/themes/rara-ecommerce/inc/custom-functions.php on line 568

2022-12-29T12:55:37+00:00 CRITICAL Uncaught Error: Call to undefined function seva_get_fonts() in /home/u799386343/domains/hapwork.co/public_html/wp-content/themes/rara-ecommerce/inc/custom-functions.php:568
Stack trace:
#0 /home/u799386343/domains/hapwork.co/public_html/wp-includes/class-wp-hook.php(308): rara_ecommerce_dynamic_mce_css_ajax_callback()
#1 /home/u799386343/domains/hapwork.co/public_html/wp-includes/class-wp-hook.php(332): WP_Hook->apply_filters()
#2 /home/u799386343/domains/hapwork.co/public_html/wp-includes/plugin.php(517): WP_Hook->do_action()
#3 /home/u799386343/domains/hapwork.co/public_html/wp-admin/admin-ajax.php(188): do_action()
#4 {main}
  thrown in /home/u799386343/domains/hapwork.co/public_html/wp-content/themes/rara-ecommerce/inc/custom-functions.php on line 568

2022-12-29T12:55:38+00:00 CRITICAL Uncaught Error: Call to undefined function seva_get_fonts() in /home/u799386343/domains/hapwork.co/public_html/wp-content/themes/rara-ecommerce/inc/custom-functions.php:568
Stack trace:
#0 /home/u799386343/domains/hapwork.co/public_html/wp-includes/class-wp-hook.php(308): rara_ecommerce_dynamic_mce_css_ajax_callback()
#1 /home/u799386343/domains/hapwork.co/public_html/wp-includes/class-wp-hook.php(332): WP_Hook->apply_filters()
#2 /home/u799386343/domains/hapwork.co/public_html/wp-includes/plugin.php(517): WP_Hook->do_action()
#3 /home/u799386343/domains/hapwork.co/public_html/wp-admin/admin-ajax.php(188): do_action()
#4 {main}
  thrown in /home/u799386343/domains/hapwork.co/public_html/wp-content/themes/rara-ecommerce/inc/custom-functions.php on line 568

2022-12-29T13:04:19+00:00 CRITICAL Uncaught Error: Call to undefined function seva_get_fonts() in /home/u799386343/domains/hapwork.co/public_html/wp-content/themes/rara-ecommerce/inc/custom-functions.php:568
Stack trace:
#0 /home/u799386343/domains/hapwork.co/public_html/wp-includes/class-wp-hook.php(308): rara_ecommerce_dynamic_mce_css_ajax_callback()
#1 /home/u799386343/domains/hapwork.co/public_html/wp-includes/class-wp-hook.php(332): WP_Hook->apply_filters()
#2 /home/u799386343/domains/hapwork.co/public_html/wp-includes/plugin.php(517): WP_Hook->do_action()
#3 /home/u799386343/domains/hapwork.co/public_html/wp-admin/admin-ajax.php(188): do_action()
#4 {main}
  thrown in /home/u799386343/domains/hapwork.co/public_html/wp-content/themes/rara-ecommerce/inc/custom-functions.php on line 568

2022-12-29T13:04:20+00:00 CRITICAL Uncaught Error: Call to undefined function seva_get_fonts() in /home/u799386343/domains/hapwork.co/public_html/wp-content/themes/rara-ecommerce/inc/custom-functions.php:568
Stack trace:
#0 /home/u799386343/domains/hapwork.co/public_html/wp-includes/class-wp-hook.php(308): rara_ecommerce_dynamic_mce_css_ajax_callback()
#1 /home/u799386343/domains/hapwork.co/public_html/wp-includes/class-wp-hook.php(332): WP_Hook->apply_filters()
#2 /home/u799386343/domains/hapwork.co/public_html/wp-includes/plugin.php(517): WP_Hook->do_action()
#3 /home/u799386343/domains/hapwork.co/public_html/wp-admin/admin-ajax.php(188): do_action()
#4 {main}
  thrown in /home/u799386343/domains/hapwork.co/public_html/wp-content/themes/rara-ecommerce/inc/custom-functions.php on line 568

2022-12-29T13:09:07+00:00 CRITICAL Uncaught Error: Call to undefined function seva_get_fonts() in /home/u799386343/domains/hapwork.co/public_html/wp-content/themes/rara-ecommerce/inc/custom-functions.php:568
Stack trace:
#0 /home/u799386343/domains/hapwork.co/public_html/wp-includes/class-wp-hook.php(308): rara_ecommerce_dynamic_mce_css_ajax_callback()
#1 /home/u799386343/domains/hapwork.co/public_html/wp-includes/class-wp-hook.php(332): WP_Hook->apply_filters()
#2 /home/u799386343/domains/hapwork.co/public_html/wp-includes/plugin.php(517): WP_Hook->do_action()
#3 /home/u799386343/domains/hapwork.co/public_html/wp-admin/admin-ajax.php(188): do_action()
#4 {main}
  thrown in /home/u799386343/domains/hapwork.co/public_html/wp-content/themes/rara-ecommerce/inc/custom-functions.php on line 568

2022-12-29T13:09:07+00:00 CRITICAL Uncaught Error: Call to undefined function seva_get_fonts() in /home/u799386343/domains/hapwork.co/public_html/wp-content/themes/rara-ecommerce/inc/custom-functions.php:568
Stack trace:
#0 /home/u799386343/domains/hapwork.co/public_html/wp-includes/class-wp-hook.php(308): rara_ecommerce_dynamic_mce_css_ajax_callback()
#1 /home/u799386343/domains/hapwork.co/public_html/wp-includes/class-wp-hook.php(332): WP_Hook->apply_filters()
#2 /home/u799386343/domains/hapwork.co/public_html/wp-includes/plugin.php(517): WP_Hook->do_action()
#3 /home/u799386343/domains/hapwork.co/public_html/wp-admin/admin-ajax.php(188): do_action()
#4 {main}
  thrown in /home/u799386343/domains/hapwork.co/public_html/wp-content/themes/rara-ecommerce/inc/custom-functions.php on line 568

2022-12-29T13:10:40+00:00 CRITICAL Uncaught Error: Call to undefined function seva_get_fonts() in /home/u799386343/domains/hapwork.co/public_html/wp-content/themes/rara-ecommerce/inc/custom-functions.php:568
Stack trace:
#0 /home/u799386343/domains/hapwork.co/public_html/wp-includes/class-wp-hook.php(308): rara_ecommerce_dynamic_mce_css_ajax_callback()
#1 /home/u799386343/domains/hapwork.co/public_html/wp-includes/class-wp-hook.php(332): WP_Hook->apply_filters()
#2 /home/u799386343/domains/hapwork.co/public_html/wp-includes/plugin.php(517): WP_Hook->do_action()
#3 /home/u799386343/domains/hapwork.co/public_html/wp-admin/admin-ajax.php(188): do_action()
#4 {main}
  thrown in /home/u799386343/domains/hapwork.co/public_html/wp-content/themes/rara-ecommerce/inc/custom-functions.php on line 568

2022-12-29T13:10:40+00:00 CRITICAL Uncaught Error: Call to undefined function seva_get_fonts() in /home/u799386343/domains/hapwork.co/public_html/wp-content/themes/rara-ecommerce/inc/custom-functions.php:568
Stack trace:
#0 /home/u799386343/domains/hapwork.co/public_html/wp-includes/class-wp-hook.php(308): rara_ecommerce_dynamic_mce_css_ajax_callback()
#1 /home/u799386343/domains/hapwork.co/public_html/wp-includes/class-wp-hook.php(332): WP_Hook->apply_filters()
#2 /home/u799386343/domains/hapwork.co/public_html/wp-includes/plugin.php(517): WP_Hook->do_action()
#3 /home/u799386343/domains/hapwork.co/public_html/wp-admin/admin-ajax.php(188): do_action()
#4 {main}
  thrown in /home/u799386343/domains/hapwork.co/public_html/wp-content/themes/rara-ecommerce/inc/custom-functions.php on line 568

2022-12-29T13:11:36+00:00 CRITICAL Uncaught Error: Call to undefined function seva_get_fonts() in /home/u799386343/domains/hapwork.co/public_html/wp-content/themes/rara-ecommerce/inc/custom-functions.php:568
Stack trace:
#0 /home/u799386343/domains/hapwork.co/public_html/wp-includes/class-wp-hook.php(308): rara_ecommerce_dynamic_mce_css_ajax_callback()
#1 /home/u799386343/domains/hapwork.co/public_html/wp-includes/class-wp-hook.php(332): WP_Hook->apply_filters()
#2 /home/u799386343/domains/hapwork.co/public_html/wp-includes/plugin.php(517): WP_Hook->do_action()
#3 /home/u799386343/domains/hapwork.co/public_html/wp-admin/admin-ajax.php(188): do_action()
#4 {main}
  thrown in /home/u799386343/domains/hapwork.co/public_html/wp-content/themes/rara-ecommerce/inc/custom-functions.php on line 568

2022-12-29T13:11:36+00:00 CRITICAL Uncaught Error: Call to undefined function seva_get_fonts() in /home/u799386343/domains/hapwork.co/public_html/wp-content/themes/rara-ecommerce/inc/custom-functions.php:568
Stack trace:
#0 /home/u799386343/domains/hapwork.co/public_html/wp-includes/class-wp-hook.php(308): rara_ecommerce_dynamic_mce_css_ajax_callback()
#1 /home/u799386343/domains/hapwork.co/public_html/wp-includes/class-wp-hook.php(332): WP_Hook->apply_filters()
#2 /home/u799386343/domains/hapwork.co/public_html/wp-includes/plugin.php(517): WP_Hook->do_action()
#3 /home/u799386343/domains/hapwork.co/public_html/wp-admin/admin-ajax.php(188): do_action()
#4 {main}
  thrown in /home/u799386343/domains/hapwork.co/public_html/wp-content/themes/rara-ecommerce/inc/custom-functions.php on line 568

2022-12-29T13:14:13+00:00 CRITICAL Uncaught Error: Call to undefined function seva_get_fonts() in /home/u799386343/domains/hapwork.co/public_html/wp-content/themes/rara-ecommerce/inc/custom-functions.php:568
Stack trace:
#0 /home/u799386343/domains/hapwork.co/public_html/wp-includes/class-wp-hook.php(308): rara_ecommerce_dynamic_mce_css_ajax_callback()
#1 /home/u799386343/domains/hapwork.co/public_html/wp-includes/class-wp-hook.php(332): WP_Hook->apply_filters()
#2 /home/u799386343/domains/hapwork.co/public_html/wp-includes/plugin.php(517): WP_Hook->do_action()
#3 /home/u799386343/domains/hapwork.co/public_html/wp-admin/admin-ajax.php(188): do_action()
#4 {main}
  thrown in /home/u799386343/domains/hapwork.co/public_html/wp-content/themes/rara-ecommerce/inc/custom-functions.php on line 568

2022-12-29T13:14:14+00:00 CRITICAL Uncaught Error: Call to undefined function seva_get_fonts() in /home/u799386343/domains/hapwork.co/public_html/wp-content/themes/rara-ecommerce/inc/custom-functions.php:568
Stack trace:
#0 /home/u799386343/domains/hapwork.co/public_html/wp-includes/class-wp-hook.php(308): rara_ecommerce_dynamic_mce_css_ajax_callback()
#1 /home/u799386343/domains/hapwork.co/public_html/wp-includes/class-wp-hook.php(332): WP_Hook->apply_filters()
#2 /home/u799386343/domains/hapwork.co/public_html/wp-includes/plugin.php(517): WP_Hook->do_action()
#3 /home/u799386343/domains/hapwork.co/public_html/wp-admin/admin-ajax.php(188): do_action()
#4 {main}
  thrown in /home/u799386343/domains/hapwork.co/public_html/wp-content/themes/rara-ecommerce/inc/custom-functions.php on line 568

2022-12-29T13:14:22+00:00 CRITICAL Uncaught Error: Call to undefined function seva_get_fonts() in /home/u799386343/domains/hapwork.co/public_html/wp-content/themes/rara-ecommerce/inc/custom-functions.php:568
Stack trace:
#0 /home/u799386343/domains/hapwork.co/public_html/wp-includes/class-wp-hook.php(308): rara_ecommerce_dynamic_mce_css_ajax_callback()
#1 /home/u799386343/domains/hapwork.co/public_html/wp-includes/class-wp-hook.php(332): WP_Hook->apply_filters()
#2 /home/u799386343/domains/hapwork.co/public_html/wp-includes/plugin.php(517): WP_Hook->do_action()
#3 /home/u799386343/domains/hapwork.co/public_html/wp-admin/admin-ajax.php(188): do_action()
#4 {main}
  thrown in /home/u799386343/domains/hapwork.co/public_html/wp-content/themes/rara-ecommerce/inc/custom-functions.php on line 568

2022-12-29T13:14:22+00:00 CRITICAL Uncaught Error: Call to undefined function seva_get_fonts() in /home/u799386343/domains/hapwork.co/public_html/wp-content/themes/rara-ecommerce/inc/custom-functions.php:568
Stack trace:
#0 /home/u799386343/domains/hapwork.co/public_html/wp-includes/class-wp-hook.php(308): rara_ecommerce_dynamic_mce_css_ajax_callback()
#1 /home/u799386343/domains/hapwork.co/public_html/wp-includes/class-wp-hook.php(332): WP_Hook->apply_filters()
#2 /home/u799386343/domains/hapwork.co/public_html/wp-includes/plugin.php(517): WP_Hook->do_action()
#3 /home/u799386343/domains/hapwork.co/public_html/wp-admin/admin-ajax.php(188): do_action()
#4 {main}
  thrown in /home/u799386343/domains/hapwork.co/public_html/wp-content/themes/rara-ecommerce/inc/custom-functions.php on line 568

2022-12-29T13:19:49+00:00 CRITICAL Uncaught Error: Call to undefined function seva_get_fonts() in /home/u799386343/domains/hapwork.co/public_html/wp-content/themes/rara-ecommerce/inc/custom-functions.php:568
Stack trace:
#0 /home/u799386343/domains/hapwork.co/public_html/wp-includes/class-wp-hook.php(308): rara_ecommerce_dynamic_mce_css_ajax_callback()
#1 /home/u799386343/domains/hapwork.co/public_html/wp-includes/class-wp-hook.php(332): WP_Hook->apply_filters()
#2 /home/u799386343/domains/hapwork.co/public_html/wp-includes/plugin.php(517): WP_Hook->do_action()
#3 /home/u799386343/domains/hapwork.co/public_html/wp-admin/admin-ajax.php(188): do_action()
#4 {main}
  thrown in /home/u799386343/domains/hapwork.co/public_html/wp-content/themes/rara-ecommerce/inc/custom-functions.php on line 568

2022-12-29T13:19:49+00:00 CRITICAL Uncaught Error: Call to undefined function seva_get_fonts() in /home/u799386343/domains/hapwork.co/public_html/wp-content/themes/rara-ecommerce/inc/custom-functions.php:568
Stack trace:
#0 /home/u799386343/domains/hapwork.co/public_html/wp-includes/class-wp-hook.php(308): rara_ecommerce_dynamic_mce_css_ajax_callback()
#1 /home/u799386343/domains/hapwork.co/public_html/wp-includes/class-wp-hook.php(332): WP_Hook->apply_filters()
#2 /home/u799386343/domains/hapwork.co/public_html/wp-includes/plugin.php(517): WP_Hook->do_action()
#3 /home/u799386343/domains/hapwork.co/public_html/wp-admin/admin-ajax.php(188): do_action()
#4 {main}
  thrown in /home/u799386343/domains/hapwork.co/public_html/wp-content/themes/rara-ecommerce/inc/custom-functions.php on line 568

2022-12-29T13:24:43+00:00 CRITICAL Uncaught Error: Call to undefined function seva_get_fonts() in /home/u799386343/domains/hapwork.co/public_html/wp-content/themes/rara-ecommerce/inc/custom-functions.php:568
Stack trace:
#0 /home/u799386343/domains/hapwork.co/public_html/wp-includes/class-wp-hook.php(308): rara_ecommerce_dynamic_mce_css_ajax_callback()
#1 /home/u799386343/domains/hapwork.co/public_html/wp-includes/class-wp-hook.php(332): WP_Hook->apply_filters()
#2 /home/u799386343/domains/hapwork.co/public_html/wp-includes/plugin.php(517): WP_Hook->do_action()
#3 /home/u799386343/domains/hapwork.co/public_html/wp-admin/admin-ajax.php(188): do_action()
#4 {main}
  thrown in /home/u799386343/domains/hapwork.co/public_html/wp-content/themes/rara-ecommerce/inc/custom-functions.php on line 568

2022-12-29T13:24:44+00:00 CRITICAL Uncaught Error: Call to undefined function seva_get_fonts() in /home/u799386343/domains/hapwork.co/public_html/wp-content/themes/rara-ecommerce/inc/custom-functions.php:568
Stack trace:
#0 /home/u799386343/domains/hapwork.co/public_html/wp-includes/class-wp-hook.php(308): rara_ecommerce_dynamic_mce_css_ajax_callback()
#1 /home/u799386343/domains/hapwork.co/public_html/wp-includes/class-wp-hook.php(332): WP_Hook->apply_filters()
#2 /home/u799386343/domains/hapwork.co/public_html/wp-includes/plugin.php(517): WP_Hook->do_action()
#3 /home/u799386343/domains/hapwork.co/public_html/wp-admin/admin-ajax.php(188): do_action()
#4 {main}
  thrown in /home/u799386343/domains/hapwork.co/public_html/wp-content/themes/rara-ecommerce/inc/custom-functions.php on line 568

2022-12-29T13:25:56+00:00 CRITICAL Uncaught Error: Call to undefined function seva_get_fonts() in /home/u799386343/domains/hapwork.co/public_html/wp-content/themes/rara-ecommerce/inc/custom-functions.php:568
Stack trace:
#0 /home/u799386343/domains/hapwork.co/public_html/wp-includes/class-wp-hook.php(308): rara_ecommerce_dynamic_mce_css_ajax_callback()
#1 /home/u799386343/domains/hapwork.co/public_html/wp-includes/class-wp-hook.php(332): WP_Hook->apply_filters()
#2 /home/u799386343/domains/hapwork.co/public_html/wp-includes/plugin.php(517): WP_Hook->do_action()
#3 /home/u799386343/domains/hapwork.co/public_html/wp-admin/admin-ajax.php(188): do_action()
#4 {main}
  thrown in /home/u799386343/domains/hapwork.co/public_html/wp-content/themes/rara-ecommerce/inc/custom-functions.php on line 568

2022-12-29T13:25:56+00:00 CRITICAL Uncaught Error: Call to undefined function seva_get_fonts() in /home/u799386343/domains/hapwork.co/public_html/wp-content/themes/rara-ecommerce/inc/custom-functions.php:568
Stack trace:
#0 /home/u799386343/domains/hapwork.co/public_html/wp-includes/class-wp-hook.php(308): rara_ecommerce_dynamic_mce_css_ajax_callback()
#1 /home/u799386343/domains/hapwork.co/public_html/wp-includes/class-wp-hook.php(332): WP_Hook->apply_filters()
#2 /home/u799386343/domains/hapwork.co/public_html/wp-includes/plugin.php(517): WP_Hook->do_action()
#3 /home/u799386343/domains/hapwork.co/public_html/wp-admin/admin-ajax.php(188): do_action()
#4 {main}
  thrown in /home/u799386343/domains/hapwork.co/public_html/wp-content/themes/rara-ecommerce/inc/custom-functions.php on line 568

2022-12-29T13:28:47+00:00 CRITICAL Uncaught Error: Call to undefined function seva_get_fonts() in /home/u799386343/domains/hapwork.co/public_html/wp-content/themes/rara-ecommerce/inc/custom-functions.php:568
Stack trace:
#0 /home/u799386343/domains/hapwork.co/public_html/wp-includes/class-wp-hook.php(308): rara_ecommerce_dynamic_mce_css_ajax_callback()
#1 /home/u799386343/domains/hapwork.co/public_html/wp-includes/class-wp-hook.php(332): WP_Hook->apply_filters()
#2 /home/u799386343/domains/hapwork.co/public_html/wp-includes/plugin.php(517): WP_Hook->do_action()
#3 /home/u799386343/domains/hapwork.co/public_html/wp-admin/admin-ajax.php(188): do_action()
#4 {main}
  thrown in /home/u799386343/domains/hapwork.co/public_html/wp-content/themes/rara-ecommerce/inc/custom-functions.php on line 568

2022-12-29T13:28:47+00:00 CRITICAL Uncaught Error: Call to undefined function seva_get_fonts() in /home/u799386343/domains/hapwork.co/public_html/wp-content/themes/rara-ecommerce/inc/custom-functions.php:568
Stack trace:
#0 /home/u799386343/domains/hapwork.co/public_html/wp-includes/class-wp-hook.php(308): rara_ecommerce_dynamic_mce_css_ajax_callback()
#1 /home/u799386343/domains/hapwork.co/public_html/wp-includes/class-wp-hook.php(332): WP_Hook->apply_filters()
#2 /home/u799386343/domains/hapwork.co/public_html/wp-includes/plugin.php(517): WP_Hook->do_action()
#3 /home/u799386343/domains/hapwork.co/public_html/wp-admin/admin-ajax.php(188): do_action()
#4 {main}
  thrown in /home/u799386343/domains/hapwork.co/public_html/wp-content/themes/rara-ecommerce/inc/custom-functions.php on line 568

2022-12-29T13:29:13+00:00 CRITICAL Uncaught Error: Call to undefined function seva_get_fonts() in /home/u799386343/domains/hapwork.co/public_html/wp-content/themes/rara-ecommerce/inc/custom-functions.php:568
Stack trace:
#0 /home/u799386343/domains/hapwork.co/public_html/wp-includes/class-wp-hook.php(308): rara_ecommerce_dynamic_mce_css_ajax_callback()
#1 /home/u799386343/domains/hapwork.co/public_html/wp-includes/class-wp-hook.php(332): WP_Hook->apply_filters()
#2 /home/u799386343/domains/hapwork.co/public_html/wp-includes/plugin.php(517): WP_Hook->do_action()
#3 /home/u799386343/domains/hapwork.co/public_html/wp-admin/admin-ajax.php(188): do_action()
#4 {main}
  thrown in /home/u799386343/domains/hapwork.co/public_html/wp-content/themes/rara-ecommerce/inc/custom-functions.php on line 568

2022-12-29T13:29:13+00:00 CRITICAL Uncaught Error: Call to undefined function seva_get_fonts() in /home/u799386343/domains/hapwork.co/public_html/wp-content/themes/rara-ecommerce/inc/custom-functions.php:568
Stack trace:
#0 /home/u799386343/domains/hapwork.co/public_html/wp-includes/class-wp-hook.php(308): rara_ecommerce_dynamic_mce_css_ajax_callback()
#1 /home/u799386343/domains/hapwork.co/public_html/wp-includes/class-wp-hook.php(332): WP_Hook->apply_filters()
#2 /home/u799386343/domains/hapwork.co/public_html/wp-includes/plugin.php(517): WP_Hook->do_action()
#3 /home/u799386343/domains/hapwork.co/public_html/wp-admin/admin-ajax.php(188): do_action()
#4 {main}
  thrown in /home/u799386343/domains/hapwork.co/public_html/wp-content/themes/rara-ecommerce/inc/custom-functions.php on line 568

2022-12-29T13:33:49+00:00 CRITICAL Uncaught Error: Call to undefined function seva_get_fonts() in /home/u799386343/domains/hapwork.co/public_html/wp-content/themes/rara-ecommerce/inc/custom-functions.php:568
Stack trace:
#0 /home/u799386343/domains/hapwork.co/public_html/wp-includes/class-wp-hook.php(308): rara_ecommerce_dynamic_mce_css_ajax_callback()
#1 /home/u799386343/domains/hapwork.co/public_html/wp-includes/class-wp-hook.php(332): WP_Hook->apply_filters()
#2 /home/u799386343/domains/hapwork.co/public_html/wp-includes/plugin.php(517): WP_Hook->do_action()
#3 /home/u799386343/domains/hapwork.co/public_html/wp-admin/admin-ajax.php(188): do_action()
#4 {main}
  thrown in /home/u799386343/domains/hapwork.co/public_html/wp-content/themes/rara-ecommerce/inc/custom-functions.php on line 568

2022-12-29T13:33:50+00:00 CRITICAL Uncaught Error: Call to undefined function seva_get_fonts() in /home/u799386343/domains/hapwork.co/public_html/wp-content/themes/rara-ecommerce/inc/custom-functions.php:568
Stack trace:
#0 /home/u799386343/domains/hapwork.co/public_html/wp-includes/class-wp-hook.php(308): rara_ecommerce_dynamic_mce_css_ajax_callback()
#1 /home/u799386343/domains/hapwork.co/public_html/wp-includes/class-wp-hook.php(332): WP_Hook->apply_filters()
#2 /home/u799386343/domains/hapwork.co/public_html/wp-includes/plugin.php(517): WP_Hook->do_action()
#3 /home/u799386343/domains/hapwork.co/public_html/wp-admin/admin-ajax.php(188): do_action()
#4 {main}
  thrown in /home/u799386343/domains/hapwork.co/public_html/wp-content/themes/rara-ecommerce/inc/custom-functions.php on line 568

2022-12-29T13:34:11+00:00 CRITICAL Uncaught Error: Call to undefined function seva_get_fonts() in /home/u799386343/domains/hapwork.co/public_html/wp-content/themes/rara-ecommerce/inc/custom-functions.php:568
Stack trace:
#0 /home/u799386343/domains/hapwork.co/public_html/wp-includes/class-wp-hook.php(308): rara_ecommerce_dynamic_mce_css_ajax_callback()
#1 /home/u799386343/domains/hapwork.co/public_html/wp-includes/class-wp-hook.php(332): WP_Hook->apply_filters()
#2 /home/u799386343/domains/hapwork.co/public_html/wp-includes/plugin.php(517): WP_Hook->do_action()
#3 /home/u799386343/domains/hapwork.co/public_html/wp-admin/admin-ajax.php(188): do_action()
#4 {main}
  thrown in /home/u799386343/domains/hapwork.co/public_html/wp-content/themes/rara-ecommerce/inc/custom-functions.php on line 568

2022-12-29T13:34:11+00:00 CRITICAL Uncaught Error: Call to undefined function seva_get_fonts() in /home/u799386343/domains/hapwork.co/public_html/wp-content/themes/rara-ecommerce/inc/custom-functions.php:568
Stack trace:
#0 /home/u799386343/domains/hapwork.co/public_html/wp-includes/class-wp-hook.php(308): rara_ecommerce_dynamic_mce_css_ajax_callback()
#1 /home/u799386343/domains/hapwork.co/public_html/wp-includes/class-wp-hook.php(332): WP_Hook->apply_filters()
#2 /home/u799386343/domains/hapwork.co/public_html/wp-includes/plugin.php(517): WP_Hook->do_action()
#3 /home/u799386343/domains/hapwork.co/public_html/wp-admin/admin-ajax.php(188): do_action()
#4 {main}
  thrown in /home/u799386343/domains/hapwork.co/public_html/wp-content/themes/rara-ecommerce/inc/custom-functions.php on line 568

2022-12-29T13:39:26+00:00 CRITICAL Uncaught Error: Call to undefined function seva_get_fonts() in /home/u799386343/domains/hapwork.co/public_html/wp-content/themes/rara-ecommerce/inc/custom-functions.php:568
Stack trace:
#0 /home/u799386343/domains/hapwork.co/public_html/wp-includes/class-wp-hook.php(308): rara_ecommerce_dynamic_mce_css_ajax_callback()
#1 /home/u799386343/domains/hapwork.co/public_html/wp-includes/class-wp-hook.php(332): WP_Hook->apply_filters()
#2 /home/u799386343/domains/hapwork.co/public_html/wp-includes/plugin.php(517): WP_Hook->do_action()
#3 /home/u799386343/domains/hapwork.co/public_html/wp-admin/admin-ajax.php(188): do_action()
#4 {main}
  thrown in /home/u799386343/domains/hapwork.co/public_html/wp-content/themes/rara-ecommerce/inc/custom-functions.php on line 568

2022-12-29T13:39:26+00:00 CRITICAL Uncaught Error: Call to undefined function seva_get_fonts() in /home/u799386343/domains/hapwork.co/public_html/wp-content/themes/rara-ecommerce/inc/custom-functions.php:568
Stack trace:
#0 /home/u799386343/domains/hapwork.co/public_html/wp-includes/class-wp-hook.php(308): rara_ecommerce_dynamic_mce_css_ajax_callback()
#1 /home/u799386343/domains/hapwork.co/public_html/wp-includes/class-wp-hook.php(332): WP_Hook->apply_filters()
#2 /home/u799386343/domains/hapwork.co/public_html/wp-includes/plugin.php(517): WP_Hook->do_action()
#3 /home/u799386343/domains/hapwork.co/public_html/wp-admin/admin-ajax.php(188): do_action()
#4 {main}
  thrown in /home/u799386343/domains/hapwork.co/public_html/wp-content/themes/rara-ecommerce/inc/custom-functions.php on line 568

2022-12-29T13:43:04+00:00 CRITICAL Uncaught Error: Call to undefined function seva_get_fonts() in /home/u799386343/domains/hapwork.co/public_html/wp-content/themes/rara-ecommerce/inc/custom-functions.php:568
Stack trace:
#0 /home/u799386343/domains/hapwork.co/public_html/wp-includes/class-wp-hook.php(308): rara_ecommerce_dynamic_mce_css_ajax_callback()
#1 /home/u799386343/domains/hapwork.co/public_html/wp-includes/class-wp-hook.php(332): WP_Hook->apply_filters()
#2 /home/u799386343/domains/hapwork.co/public_html/wp-includes/plugin.php(517): WP_Hook->do_action()
#3 /home/u799386343/domains/hapwork.co/public_html/wp-admin/admin-ajax.php(188): do_action()
#4 {main}
  thrown in /home/u799386343/domains/hapwork.co/public_html/wp-content/themes/rara-ecommerce/inc/custom-functions.php on line 568

2022-12-29T13:43:05+00:00 CRITICAL Uncaught Error: Call to undefined function seva_get_fonts() in /home/u799386343/domains/hapwork.co/public_html/wp-content/themes/rara-ecommerce/inc/custom-functions.php:568
Stack trace:
#0 /home/u799386343/domains/hapwork.co/public_html/wp-includes/class-wp-hook.php(308): rara_ecommerce_dynamic_mce_css_ajax_callback()
#1 /home/u799386343/domains/hapwork.co/public_html/wp-includes/class-wp-hook.php(332): WP_Hook->apply_filters()
#2 /home/u799386343/domains/hapwork.co/public_html/wp-includes/plugin.php(517): WP_Hook->do_action()
#3 /home/u799386343/domains/hapwork.co/public_html/wp-admin/admin-ajax.php(188): do_action()
#4 {main}
  thrown in /home/u799386343/domains/hapwork.co/public_html/wp-content/themes/rara-ecommerce/inc/custom-functions.php on line 568

2022-12-29T13:46:00+00:00 CRITICAL Uncaught Error: Call to undefined function seva_get_fonts() in /home/u799386343/domains/hapwork.co/public_html/wp-content/themes/rara-ecommerce/inc/custom-functions.php:568
Stack trace:
#0 /home/u799386343/domains/hapwork.co/public_html/wp-includes/class-wp-hook.php(308): rara_ecommerce_dynamic_mce_css_ajax_callback()
#1 /home/u799386343/domains/hapwork.co/public_html/wp-includes/class-wp-hook.php(332): WP_Hook->apply_filters()
#2 /home/u799386343/domains/hapwork.co/public_html/wp-includes/plugin.php(517): WP_Hook->do_action()
#3 /home/u799386343/domains/hapwork.co/public_html/wp-admin/admin-ajax.php(188): do_action()
#4 {main}
  thrown in /home/u799386343/domains/hapwork.co/public_html/wp-content/themes/rara-ecommerce/inc/custom-functions.php on line 568

2022-12-29T13:46:01+00:00 CRITICAL Uncaught Error: Call to undefined function seva_get_fonts() in /home/u799386343/domains/hapwork.co/public_html/wp-content/themes/rara-ecommerce/inc/custom-functions.php:568
Stack trace:
#0 /home/u799386343/domains/hapwork.co/public_html/wp-includes/class-wp-hook.php(308): rara_ecommerce_dynamic_mce_css_ajax_callback()
#1 /home/u799386343/domains/hapwork.co/public_html/wp-includes/class-wp-hook.php(332): WP_Hook->apply_filters()
#2 /home/u799386343/domains/hapwork.co/public_html/wp-includes/plugin.php(517): WP_Hook->do_action()
#3 /home/u799386343/domains/hapwork.co/public_html/wp-admin/admin-ajax.php(188): do_action()
#4 {main}
  thrown in /home/u799386343/domains/hapwork.co/public_html/wp-content/themes/rara-ecommerce/inc/custom-functions.php on line 568

2022-12-29T13:46:10+00:00 CRITICAL Uncaught Error: Call to undefined function seva_get_fonts() in /home/u799386343/domains/hapwork.co/public_html/wp-content/themes/rara-ecommerce/inc/custom-functions.php:568
Stack trace:
#0 /home/u799386343/domains/hapwork.co/public_html/wp-includes/class-wp-hook.php(308): rara_ecommerce_dynamic_mce_css_ajax_callback()
#1 /home/u799386343/domains/hapwork.co/public_html/wp-includes/class-wp-hook.php(332): WP_Hook->apply_filters()
#2 /home/u799386343/domains/hapwork.co/public_html/wp-includes/plugin.php(517): WP_Hook->do_action()
#3 /home/u799386343/domains/hapwork.co/public_html/wp-admin/admin-ajax.php(188): do_action()
#4 {main}
  thrown in /home/u799386343/domains/hapwork.co/public_html/wp-content/themes/rara-ecommerce/inc/custom-functions.php on line 568

2022-12-29T13:46:10+00:00 CRITICAL Uncaught Error: Call to undefined function seva_get_fonts() in /home/u799386343/domains/hapwork.co/public_html/wp-content/themes/rara-ecommerce/inc/custom-functions.php:568
Stack trace:
#0 /home/u799386343/domains/hapwork.co/public_html/wp-includes/class-wp-hook.php(308): rara_ecommerce_dynamic_mce_css_ajax_callback()
#1 /home/u799386343/domains/hapwork.co/public_html/wp-includes/class-wp-hook.php(332): WP_Hook->apply_filters()
#2 /home/u799386343/domains/hapwork.co/public_html/wp-includes/plugin.php(517): WP_Hook->do_action()
#3 /home/u799386343/domains/hapwork.co/public_html/wp-admin/admin-ajax.php(188): do_action()
#4 {main}
  thrown in /home/u799386343/domains/hapwork.co/public_html/wp-content/themes/rara-ecommerce/inc/custom-functions.php on line 568

2022-12-29T13:46:22+00:00 CRITICAL Uncaught Error: Call to undefined function seva_get_fonts() in /home/u799386343/domains/hapwork.co/public_html/wp-content/themes/rara-ecommerce/inc/custom-functions.php:568
Stack trace:
#0 /home/u799386343/domains/hapwork.co/public_html/wp-includes/class-wp-hook.php(308): rara_ecommerce_dynamic_mce_css_ajax_callback()
#1 /home/u799386343/domains/hapwork.co/public_html/wp-includes/class-wp-hook.php(332): WP_Hook->apply_filters()
#2 /home/u799386343/domains/hapwork.co/public_html/wp-includes/plugin.php(517): WP_Hook->do_action()
#3 /home/u799386343/domains/hapwork.co/public_html/wp-admin/admin-ajax.php(188): do_action()
#4 {main}
  thrown in /home/u799386343/domains/hapwork.co/public_html/wp-content/themes/rara-ecommerce/inc/custom-functions.php on line 568

2022-12-29T13:46:22+00:00 CRITICAL Uncaught Error: Call to undefined function seva_get_fonts() in /home/u799386343/domains/hapwork.co/public_html/wp-content/themes/rara-ecommerce/inc/custom-functions.php:568
Stack trace:
#0 /home/u799386343/domains/hapwork.co/public_html/wp-includes/class-wp-hook.php(308): rara_ecommerce_dynamic_mce_css_ajax_callback()
#1 /home/u799386343/domains/hapwork.co/public_html/wp-includes/class-wp-hook.php(332): WP_Hook->apply_filters()
#2 /home/u799386343/domains/hapwork.co/public_html/wp-includes/plugin.php(517): WP_Hook->do_action()
#3 /home/u799386343/domains/hapwork.co/public_html/wp-admin/admin-ajax.php(188): do_action()
#4 {main}
  thrown in /home/u799386343/domains/hapwork.co/public_html/wp-content/themes/rara-ecommerce/inc/custom-functions.php on line 568

2022-12-29T13:46:33+00:00 CRITICAL Uncaught Error: Call to undefined function seva_get_fonts() in /home/u799386343/domains/hapwork.co/public_html/wp-content/themes/rara-ecommerce/inc/custom-functions.php:568
Stack trace:
#0 /home/u799386343/domains/hapwork.co/public_html/wp-includes/class-wp-hook.php(308): rara_ecommerce_dynamic_mce_css_ajax_callback()
#1 /home/u799386343/domains/hapwork.co/public_html/wp-includes/class-wp-hook.php(332): WP_Hook->apply_filters()
#2 /home/u799386343/domains/hapwork.co/public_html/wp-includes/plugin.php(517): WP_Hook->do_action()
#3 /home/u799386343/domains/hapwork.co/public_html/wp-admin/admin-ajax.php(188): do_action()
#4 {main}
  thrown in /home/u799386343/domains/hapwork.co/public_html/wp-content/themes/rara-ecommerce/inc/custom-functions.php on line 568

2022-12-29T13:46:33+00:00 CRITICAL Uncaught Error: Call to undefined function seva_get_fonts() in /home/u799386343/domains/hapwork.co/public_html/wp-content/themes/rara-ecommerce/inc/custom-functions.php:568
Stack trace:
#0 /home/u799386343/domains/hapwork.co/public_html/wp-includes/class-wp-hook.php(308): rara_ecommerce_dynamic_mce_css_ajax_callback()
#1 /home/u799386343/domains/hapwork.co/public_html/wp-includes/class-wp-hook.php(332): WP_Hook->apply_filters()
#2 /home/u799386343/domains/hapwork.co/public_html/wp-includes/plugin.php(517): WP_Hook->do_action()
#3 /home/u799386343/domains/hapwork.co/public_html/wp-admin/admin-ajax.php(188): do_action()
#4 {main}
  thrown in /home/u799386343/domains/hapwork.co/public_html/wp-content/themes/rara-ecommerce/inc/custom-functions.php on line 568

2022-12-29T13:46:43+00:00 CRITICAL Uncaught Error: Call to undefined function seva_get_fonts() in /home/u799386343/domains/hapwork.co/public_html/wp-content/themes/rara-ecommerce/inc/custom-functions.php:568
Stack trace:
#0 /home/u799386343/domains/hapwork.co/public_html/wp-includes/class-wp-hook.php(308): rara_ecommerce_dynamic_mce_css_ajax_callback()
#1 /home/u799386343/domains/hapwork.co/public_html/wp-includes/class-wp-hook.php(332): WP_Hook->apply_filters()
#2 /home/u799386343/domains/hapwork.co/public_html/wp-includes/plugin.php(517): WP_Hook->do_action()
#3 /home/u799386343/domains/hapwork.co/public_html/wp-admin/admin-ajax.php(188): do_action()
#4 {main}
  thrown in /home/u799386343/domains/hapwork.co/public_html/wp-content/themes/rara-ecommerce/inc/custom-functions.php on line 568

2022-12-29T13:46:43+00:00 CRITICAL Uncaught Error: Call to undefined function seva_get_fonts() in /home/u799386343/domains/hapwork.co/public_html/wp-content/themes/rara-ecommerce/inc/custom-functions.php:568
Stack trace:
#0 /home/u799386343/domains/hapwork.co/public_html/wp-includes/class-wp-hook.php(308): rara_ecommerce_dynamic_mce_css_ajax_callback()
#1 /home/u799386343/domains/hapwork.co/public_html/wp-includes/class-wp-hook.php(332): WP_Hook->apply_filters()
#2 /home/u799386343/domains/hapwork.co/public_html/wp-includes/plugin.php(517): WP_Hook->do_action()
#3 /home/u799386343/domains/hapwork.co/public_html/wp-admin/admin-ajax.php(188): do_action()
#4 {main}
  thrown in /home/u799386343/domains/hapwork.co/public_html/wp-content/themes/rara-ecommerce/inc/custom-functions.php on line 568

2022-12-29T13:46:53+00:00 CRITICAL Uncaught Error: Call to undefined function seva_get_fonts() in /home/u799386343/domains/hapwork.co/public_html/wp-content/themes/rara-ecommerce/inc/custom-functions.php:568
Stack trace:
#0 /home/u799386343/domains/hapwork.co/public_html/wp-includes/class-wp-hook.php(308): rara_ecommerce_dynamic_mce_css_ajax_callback()
#1 /home/u799386343/domains/hapwork.co/public_html/wp-includes/class-wp-hook.php(332): WP_Hook->apply_filters()
#2 /home/u799386343/domains/hapwork.co/public_html/wp-includes/plugin.php(517): WP_Hook->do_action()
#3 /home/u799386343/domains/hapwork.co/public_html/wp-admin/admin-ajax.php(188): do_action()
#4 {main}
  thrown in /home/u799386343/domains/hapwork.co/public_html/wp-content/themes/rara-ecommerce/inc/custom-functions.php on line 568

2022-12-29T13:46:54+00:00 CRITICAL Uncaught Error: Call to undefined function seva_get_fonts() in /home/u799386343/domains/hapwork.co/public_html/wp-content/themes/rara-ecommerce/inc/custom-functions.php:568
Stack trace:
#0 /home/u799386343/domains/hapwork.co/public_html/wp-includes/class-wp-hook.php(308): rara_ecommerce_dynamic_mce_css_ajax_callback()
#1 /home/u799386343/domains/hapwork.co/public_html/wp-includes/class-wp-hook.php(332): WP_Hook->apply_filters()
#2 /home/u799386343/domains/hapwork.co/public_html/wp-includes/plugin.php(517): WP_Hook->do_action()
#3 /home/u799386343/domains/hapwork.co/public_html/wp-admin/admin-ajax.php(188): do_action()
#4 {main}
  thrown in /home/u799386343/domains/hapwork.co/public_html/wp-content/themes/rara-ecommerce/inc/custom-functions.php on line 568

2022-12-29T13:47:09+00:00 CRITICAL Uncaught Error: Call to undefined function seva_get_fonts() in /home/u799386343/domains/hapwork.co/public_html/wp-content/themes/rara-ecommerce/inc/custom-functions.php:568
Stack trace:
#0 /home/u799386343/domains/hapwork.co/public_html/wp-includes/class-wp-hook.php(308): rara_ecommerce_dynamic_mce_css_ajax_callback()
#1 /home/u799386343/domains/hapwork.co/public_html/wp-includes/class-wp-hook.php(332): WP_Hook->apply_filters()
#2 /home/u799386343/domains/hapwork.co/public_html/wp-includes/plugin.php(517): WP_Hook->do_action()
#3 /home/u799386343/domains/hapwork.co/public_html/wp-admin/admin-ajax.php(188): do_action()
#4 {main}
  thrown in /home/u799386343/domains/hapwork.co/public_html/wp-content/themes/rara-ecommerce/inc/custom-functions.php on line 568

2022-12-29T13:47:09+00:00 CRITICAL Uncaught Error: Call to undefined function seva_get_fonts() in /home/u799386343/domains/hapwork.co/public_html/wp-content/themes/rara-ecommerce/inc/custom-functions.php:568
Stack trace:
#0 /home/u799386343/domains/hapwork.co/public_html/wp-includes/class-wp-hook.php(308): rara_ecommerce_dynamic_mce_css_ajax_callback()
#1 /home/u799386343/domains/hapwork.co/public_html/wp-includes/class-wp-hook.php(332): WP_Hook->apply_filters()
#2 /home/u799386343/domains/hapwork.co/public_html/wp-includes/plugin.php(517): WP_Hook->do_action()
#3 /home/u799386343/domains/hapwork.co/public_html/wp-admin/admin-ajax.php(188): do_action()
#4 {main}
  thrown in /home/u799386343/domains/hapwork.co/public_html/wp-content/themes/rara-ecommerce/inc/custom-functions.php on line 568

2022-12-29T13:47:16+00:00 CRITICAL Uncaught Error: Call to undefined function seva_get_fonts() in /home/u799386343/domains/hapwork.co/public_html/wp-content/themes/rara-ecommerce/inc/custom-functions.php:568
Stack trace:
#0 /home/u799386343/domains/hapwork.co/public_html/wp-includes/class-wp-hook.php(308): rara_ecommerce_dynamic_mce_css_ajax_callback()
#1 /home/u799386343/domains/hapwork.co/public_html/wp-includes/class-wp-hook.php(332): WP_Hook->apply_filters()
#2 /home/u799386343/domains/hapwork.co/public_html/wp-includes/plugin.php(517): WP_Hook->do_action()
#3 /home/u799386343/domains/hapwork.co/public_html/wp-admin/admin-ajax.php(188): do_action()
#4 {main}
  thrown in /home/u799386343/domains/hapwork.co/public_html/wp-content/themes/rara-ecommerce/inc/custom-functions.php on line 568

2022-12-29T13:47:16+00:00 CRITICAL Uncaught Error: Call to undefined function seva_get_fonts() in /home/u799386343/domains/hapwork.co/public_html/wp-content/themes/rara-ecommerce/inc/custom-functions.php:568
Stack trace:
#0 /home/u799386343/domains/hapwork.co/public_html/wp-includes/class-wp-hook.php(308): rara_ecommerce_dynamic_mce_css_ajax_callback()
#1 /home/u799386343/domains/hapwork.co/public_html/wp-includes/class-wp-hook.php(332): WP_Hook->apply_filters()
#2 /home/u799386343/domains/hapwork.co/public_html/wp-includes/plugin.php(517): WP_Hook->do_action()
#3 /home/u799386343/domains/hapwork.co/public_html/wp-admin/admin-ajax.php(188): do_action()
#4 {main}
  thrown in /home/u799386343/domains/hapwork.co/public_html/wp-content/themes/rara-ecommerce/inc/custom-functions.php on line 568

2022-12-29T13:47:21+00:00 CRITICAL Uncaught Error: Call to undefined function seva_get_fonts() in /home/u799386343/domains/hapwork.co/public_html/wp-content/themes/rara-ecommerce/inc/custom-functions.php:568
Stack trace:
#0 /home/u799386343/domains/hapwork.co/public_html/wp-includes/class-wp-hook.php(308): rara_ecommerce_dynamic_mce_css_ajax_callback()
#1 /home/u799386343/domains/hapwork.co/public_html/wp-includes/class-wp-hook.php(332): WP_Hook->apply_filters()
#2 /home/u799386343/domains/hapwork.co/public_html/wp-includes/plugin.php(517): WP_Hook->do_action()
#3 /home/u799386343/domains/hapwork.co/public_html/wp-admin/admin-ajax.php(188): do_action()
#4 {main}
  thrown in /home/u799386343/domains/hapwork.co/public_html/wp-content/themes/rara-ecommerce/inc/custom-functions.php on line 568

2022-12-29T13:47:21+00:00 CRITICAL Uncaught Error: Call to undefined function seva_get_fonts() in /home/u799386343/domains/hapwork.co/public_html/wp-content/themes/rara-ecommerce/inc/custom-functions.php:568
Stack trace:
#0 /home/u799386343/domains/hapwork.co/public_html/wp-includes/class-wp-hook.php(308): rara_ecommerce_dynamic_mce_css_ajax_callback()
#1 /home/u799386343/domains/hapwork.co/public_html/wp-includes/class-wp-hook.php(332): WP_Hook->apply_filters()
#2 /home/u799386343/domains/hapwork.co/public_html/wp-includes/plugin.php(517): WP_Hook->do_action()
#3 /home/u799386343/domains/hapwork.co/public_html/wp-admin/admin-ajax.php(188): do_action()
#4 {main}
  thrown in /home/u799386343/domains/hapwork.co/public_html/wp-content/themes/rara-ecommerce/inc/custom-functions.php on line 568

2022-12-29T13:47:27+00:00 CRITICAL Uncaught Error: Call to undefined function seva_get_fonts() in /home/u799386343/domains/hapwork.co/public_html/wp-content/themes/rara-ecommerce/inc/custom-functions.php:568
Stack trace:
#0 /home/u799386343/domains/hapwork.co/public_html/wp-includes/class-wp-hook.php(308): rara_ecommerce_dynamic_mce_css_ajax_callback()
#1 /home/u799386343/domains/hapwork.co/public_html/wp-includes/class-wp-hook.php(332): WP_Hook->apply_filters()
#2 /home/u799386343/domains/hapwork.co/public_html/wp-includes/plugin.php(517): WP_Hook->do_action()
#3 /home/u799386343/domains/hapwork.co/public_html/wp-admin/admin-ajax.php(188): do_action()
#4 {main}
  thrown in /home/u799386343/domains/hapwork.co/public_html/wp-content/themes/rara-ecommerce/inc/custom-functions.php on line 568

2022-12-29T13:47:27+00:00 CRITICAL Uncaught Error: Call to undefined function seva_get_fonts() in /home/u799386343/domains/hapwork.co/public_html/wp-content/themes/rara-ecommerce/inc/custom-functions.php:568
Stack trace:
#0 /home/u799386343/domains/hapwork.co/public_html/wp-includes/class-wp-hook.php(308): rara_ecommerce_dynamic_mce_css_ajax_callback()
#1 /home/u799386343/domains/hapwork.co/public_html/wp-includes/class-wp-hook.php(332): WP_Hook->apply_filters()
#2 /home/u799386343/domains/hapwork.co/public_html/wp-includes/plugin.php(517): WP_Hook->do_action()
#3 /home/u799386343/domains/hapwork.co/public_html/wp-admin/admin-ajax.php(188): do_action()
#4 {main}
  thrown in /home/u799386343/domains/hapwork.co/public_html/wp-content/themes/rara-ecommerce/inc/custom-functions.php on line 568

2022-12-29T13:47:43+00:00 CRITICAL Uncaught Error: Call to undefined function seva_get_fonts() in /home/u799386343/domains/hapwork.co/public_html/wp-content/themes/rara-ecommerce/inc/custom-functions.php:568
Stack trace:
#0 /home/u799386343/domains/hapwork.co/public_html/wp-includes/class-wp-hook.php(308): rara_ecommerce_dynamic_mce_css_ajax_callback()
#1 /home/u799386343/domains/hapwork.co/public_html/wp-includes/class-wp-hook.php(332): WP_Hook->apply_filters()
#2 /home/u799386343/domains/hapwork.co/public_html/wp-includes/plugin.php(517): WP_Hook->do_action()
#3 /home/u799386343/domains/hapwork.co/public_html/wp-admin/admin-ajax.php(188): do_action()
#4 {main}
  thrown in /home/u799386343/domains/hapwork.co/public_html/wp-content/themes/rara-ecommerce/inc/custom-functions.php on line 568

2022-12-29T13:47:44+00:00 CRITICAL Uncaught Error: Call to undefined function seva_get_fonts() in /home/u799386343/domains/hapwork.co/public_html/wp-content/themes/rara-ecommerce/inc/custom-functions.php:568
Stack trace:
#0 /home/u799386343/domains/hapwork.co/public_html/wp-includes/class-wp-hook.php(308): rara_ecommerce_dynamic_mce_css_ajax_callback()
#1 /home/u799386343/domains/hapwork.co/public_html/wp-includes/class-wp-hook.php(332): WP_Hook->apply_filters()
#2 /home/u799386343/domains/hapwork.co/public_html/wp-includes/plugin.php(517): WP_Hook->do_action()
#3 /home/u799386343/domains/hapwork.co/public_html/wp-admin/admin-ajax.php(188): do_action()
#4 {main}
  thrown in /home/u799386343/domains/hapwork.co/public_html/wp-content/themes/rara-ecommerce/inc/custom-functions.php on line 568

2022-12-29T13:47:52+00:00 CRITICAL Uncaught Error: Call to undefined function seva_get_fonts() in /home/u799386343/domains/hapwork.co/public_html/wp-content/themes/rara-ecommerce/inc/custom-functions.php:568
Stack trace:
#0 /home/u799386343/domains/hapwork.co/public_html/wp-includes/class-wp-hook.php(308): rara_ecommerce_dynamic_mce_css_ajax_callback()
#1 /home/u799386343/domains/hapwork.co/public_html/wp-includes/class-wp-hook.php(332): WP_Hook->apply_filters()
#2 /home/u799386343/domains/hapwork.co/public_html/wp-includes/plugin.php(517): WP_Hook->do_action()
#3 /home/u799386343/domains/hapwork.co/public_html/wp-admin/admin-ajax.php(188): do_action()
#4 {main}
  thrown in /home/u799386343/domains/hapwork.co/public_html/wp-content/themes/rara-ecommerce/inc/custom-functions.php on line 568

2022-12-29T13:47:52+00:00 CRITICAL Uncaught Error: Call to undefined function seva_get_fonts() in /home/u799386343/domains/hapwork.co/public_html/wp-content/themes/rara-ecommerce/inc/custom-functions.php:568
Stack trace:
#0 /home/u799386343/domains/hapwork.co/public_html/wp-includes/class-wp-hook.php(308): rara_ecommerce_dynamic_mce_css_ajax_callback()
#1 /home/u799386343/domains/hapwork.co/public_html/wp-includes/class-wp-hook.php(332): WP_Hook->apply_filters()
#2 /home/u799386343/domains/hapwork.co/public_html/wp-includes/plugin.php(517): WP_Hook->do_action()
#3 /home/u799386343/domains/hapwork.co/public_html/wp-admin/admin-ajax.php(188): do_action()
#4 {main}
  thrown in /home/u799386343/domains/hapwork.co/public_html/wp-content/themes/rara-ecommerce/inc/custom-functions.php on line 568

2022-12-29T14:10:03+00:00 CRITICAL Uncaught Error: Call to undefined function seva_get_fonts() in /home/u799386343/domains/hapwork.co/public_html/wp-content/themes/rara-ecommerce/inc/custom-functions.php:568
Stack trace:
#0 /home/u799386343/domains/hapwork.co/public_html/wp-includes/class-wp-hook.php(308): rara_ecommerce_dynamic_mce_css_ajax_callback()
#1 /home/u799386343/domains/hapwork.co/public_html/wp-includes/class-wp-hook.php(332): WP_Hook->apply_filters()
#2 /home/u799386343/domains/hapwork.co/public_html/wp-includes/plugin.php(517): WP_Hook->do_action()
#3 /home/u799386343/domains/hapwork.co/public_html/wp-admin/admin-ajax.php(188): do_action()
#4 {main}
  thrown in /home/u799386343/domains/hapwork.co/public_html/wp-content/themes/rara-ecommerce/inc/custom-functions.php on line 568

2022-12-29T14:10:03+00:00 CRITICAL Uncaught Error: Call to undefined function seva_get_fonts() in /home/u799386343/domains/hapwork.co/public_html/wp-content/themes/rara-ecommerce/inc/custom-functions.php:568
Stack trace:
#0 /home/u799386343/domains/hapwork.co/public_html/wp-includes/class-wp-hook.php(308): rara_ecommerce_dynamic_mce_css_ajax_callback()
#1 /home/u799386343/domains/hapwork.co/public_html/wp-includes/class-wp-hook.php(332): WP_Hook->apply_filters()
#2 /home/u799386343/domains/hapwork.co/public_html/wp-includes/plugin.php(517): WP_Hook->do_action()
#3 /home/u799386343/domains/hapwork.co/public_html/wp-admin/admin-ajax.php(188): do_action()
#4 {main}
  thrown in /home/u799386343/domains/hapwork.co/public_html/wp-content/themes/rara-ecommerce/inc/custom-functions.php on line 568

2022-12-29T14:11:20+00:00 CRITICAL Uncaught Error: Call to undefined function seva_get_fonts() in /home/u799386343/domains/hapwork.co/public_html/wp-content/themes/rara-ecommerce/inc/custom-functions.php:568
Stack trace:
#0 /home/u799386343/domains/hapwork.co/public_html/wp-includes/class-wp-hook.php(308): rara_ecommerce_dynamic_mce_css_ajax_callback()
#1 /home/u799386343/domains/hapwork.co/public_html/wp-includes/class-wp-hook.php(332): WP_Hook->apply_filters()
#2 /home/u799386343/domains/hapwork.co/public_html/wp-includes/plugin.php(517): WP_Hook->do_action()
#3 /home/u799386343/domains/hapwork.co/public_html/wp-admin/admin-ajax.php(188): do_action()
#4 {main}
  thrown in /home/u799386343/domains/hapwork.co/public_html/wp-content/themes/rara-ecommerce/inc/custom-functions.php on line 568

2022-12-29T14:11:20+00:00 CRITICAL Uncaught Error: Call to undefined function seva_get_fonts() in /home/u799386343/domains/hapwork.co/public_html/wp-content/themes/rara-ecommerce/inc/custom-functions.php:568
Stack trace:
#0 /home/u799386343/domains/hapwork.co/public_html/wp-includes/class-wp-hook.php(308): rara_ecommerce_dynamic_mce_css_ajax_callback()
#1 /home/u799386343/domains/hapwork.co/public_html/wp-includes/class-wp-hook.php(332): WP_Hook->apply_filters()
#2 /home/u799386343/domains/hapwork.co/public_html/wp-includes/plugin.php(517): WP_Hook->do_action()
#3 /home/u799386343/domains/hapwork.co/public_html/wp-admin/admin-ajax.php(188): do_action()
#4 {main}
  thrown in /home/u799386343/domains/hapwork.co/public_html/wp-content/themes/rara-ecommerce/inc/custom-functions.php on line 568

2022-12-29T14:11:43+00:00 CRITICAL Uncaught Error: Call to undefined function seva_get_fonts() in /home/u799386343/domains/hapwork.co/public_html/wp-content/themes/rara-ecommerce/inc/custom-functions.php:568
Stack trace:
#0 /home/u799386343/domains/hapwork.co/public_html/wp-includes/class-wp-hook.php(308): rara_ecommerce_dynamic_mce_css_ajax_callback()
#1 /home/u799386343/domains/hapwork.co/public_html/wp-includes/class-wp-hook.php(332): WP_Hook->apply_filters()
#2 /home/u799386343/domains/hapwork.co/public_html/wp-includes/plugin.php(517): WP_Hook->do_action()
#3 /home/u799386343/domains/hapwork.co/public_html/wp-admin/admin-ajax.php(188): do_action()
#4 {main}
  thrown in /home/u799386343/domains/hapwork.co/public_html/wp-content/themes/rara-ecommerce/inc/custom-functions.php on line 568

2022-12-29T14:11:43+00:00 CRITICAL Uncaught Error: Call to undefined function seva_get_fonts() in /home/u799386343/domains/hapwork.co/public_html/wp-content/themes/rara-ecommerce/inc/custom-functions.php:568
Stack trace:
#0 /home/u799386343/domains/hapwork.co/public_html/wp-includes/class-wp-hook.php(308): rara_ecommerce_dynamic_mce_css_ajax_callback()
#1 /home/u799386343/domains/hapwork.co/public_html/wp-includes/class-wp-hook.php(332): WP_Hook->apply_filters()
#2 /home/u799386343/domains/hapwork.co/public_html/wp-includes/plugin.php(517): WP_Hook->do_action()
#3 /home/u799386343/domains/hapwork.co/public_html/wp-admin/admin-ajax.php(188): do_action()
#4 {main}
  thrown in /home/u799386343/domains/hapwork.co/public_html/wp-content/themes/rara-ecommerce/inc/custom-functions.php on line 568

2022-12-29T14:11:46+00:00 CRITICAL Uncaught Error: Call to undefined function seva_get_fonts() in /home/u799386343/domains/hapwork.co/public_html/wp-content/themes/rara-ecommerce/inc/custom-functions.php:568
Stack trace:
#0 /home/u799386343/domains/hapwork.co/public_html/wp-includes/class-wp-hook.php(308): rara_ecommerce_dynamic_mce_css_ajax_callback()
#1 /home/u799386343/domains/hapwork.co/public_html/wp-includes/class-wp-hook.php(332): WP_Hook->apply_filters()
#2 /home/u799386343/domains/hapwork.co/public_html/wp-includes/plugin.php(517): WP_Hook->do_action()
#3 /home/u799386343/domains/hapwork.co/public_html/wp-admin/admin-ajax.php(188): do_action()
#4 {main}
  thrown in /home/u799386343/domains/hapwork.co/public_html/wp-content/themes/rara-ecommerce/inc/custom-functions.php on line 568

2022-12-29T14:11:46+00:00 CRITICAL Uncaught Error: Call to undefined function seva_get_fonts() in /home/u799386343/domains/hapwork.co/public_html/wp-content/themes/rara-ecommerce/inc/custom-functions.php:568
Stack trace:
#0 /home/u799386343/domains/hapwork.co/public_html/wp-includes/class-wp-hook.php(308): rara_ecommerce_dynamic_mce_css_ajax_callback()
#1 /home/u799386343/domains/hapwork.co/public_html/wp-includes/class-wp-hook.php(332): WP_Hook->apply_filters()
#2 /home/u799386343/domains/hapwork.co/public_html/wp-includes/plugin.php(517): WP_Hook->do_action()
#3 /home/u799386343/domains/hapwork.co/public_html/wp-admin/admin-ajax.php(188): do_action()
#4 {main}
  thrown in /home/u799386343/domains/hapwork.co/public_html/wp-content/themes/rara-ecommerce/inc/custom-functions.php on line 568

2022-12-29T14:13:53+00:00 CRITICAL Uncaught Error: Call to undefined function seva_get_fonts() in /home/u799386343/domains/hapwork.co/public_html/wp-content/themes/rara-ecommerce/inc/custom-functions.php:568
Stack trace:
#0 /home/u799386343/domains/hapwork.co/public_html/wp-includes/class-wp-hook.php(308): rara_ecommerce_dynamic_mce_css_ajax_callback()
#1 /home/u799386343/domains/hapwork.co/public_html/wp-includes/class-wp-hook.php(332): WP_Hook->apply_filters()
#2 /home/u799386343/domains/hapwork.co/public_html/wp-includes/plugin.php(517): WP_Hook->do_action()
#3 /home/u799386343/domains/hapwork.co/public_html/wp-admin/admin-ajax.php(188): do_action()
#4 {main}
  thrown in /home/u799386343/domains/hapwork.co/public_html/wp-content/themes/rara-ecommerce/inc/custom-functions.php on line 568

2022-12-29T14:13:53+00:00 CRITICAL Uncaught Error: Call to undefined function seva_get_fonts() in /home/u799386343/domains/hapwork.co/public_html/wp-content/themes/rara-ecommerce/inc/custom-functions.php:568
Stack trace:
#0 /home/u799386343/domains/hapwork.co/public_html/wp-includes/class-wp-hook.php(308): rara_ecommerce_dynamic_mce_css_ajax_callback()
#1 /home/u799386343/domains/hapwork.co/public_html/wp-includes/class-wp-hook.php(332): WP_Hook->apply_filters()
#2 /home/u799386343/domains/hapwork.co/public_html/wp-includes/plugin.php(517): WP_Hook->do_action()
#3 /home/u799386343/domains/hapwork.co/public_html/wp-admin/admin-ajax.php(188): do_action()
#4 {main}
  thrown in /home/u799386343/domains/hapwork.co/public_html/wp-content/themes/rara-ecommerce/inc/custom-functions.php on line 568

2022-12-29T14:14:02+00:00 CRITICAL Uncaught Error: Call to undefined function seva_get_fonts() in /home/u799386343/domains/hapwork.co/public_html/wp-content/themes/rara-ecommerce/inc/custom-functions.php:568
Stack trace:
#0 /home/u799386343/domains/hapwork.co/public_html/wp-includes/class-wp-hook.php(308): rara_ecommerce_dynamic_mce_css_ajax_callback()
#1 /home/u799386343/domains/hapwork.co/public_html/wp-includes/class-wp-hook.php(332): WP_Hook->apply_filters()
#2 /home/u799386343/domains/hapwork.co/public_html/wp-includes/plugin.php(517): WP_Hook->do_action()
#3 /home/u799386343/domains/hapwork.co/public_html/wp-admin/admin-ajax.php(188): do_action()
#4 {main}
  thrown in /home/u799386343/domains/hapwork.co/public_html/wp-content/themes/rara-ecommerce/inc/custom-functions.php on line 568

2022-12-29T14:14:02+00:00 CRITICAL Uncaught Error: Call to undefined function seva_get_fonts() in /home/u799386343/domains/hapwork.co/public_html/wp-content/themes/rara-ecommerce/inc/custom-functions.php:568
Stack trace:
#0 /home/u799386343/domains/hapwork.co/public_html/wp-includes/class-wp-hook.php(308): rara_ecommerce_dynamic_mce_css_ajax_callback()
#1 /home/u799386343/domains/hapwork.co/public_html/wp-includes/class-wp-hook.php(332): WP_Hook->apply_filters()
#2 /home/u799386343/domains/hapwork.co/public_html/wp-includes/plugin.php(517): WP_Hook->do_action()
#3 /home/u799386343/domains/hapwork.co/public_html/wp-admin/admin-ajax.php(188): do_action()
#4 {main}
  thrown in /home/u799386343/domains/hapwork.co/public_html/wp-content/themes/rara-ecommerce/inc/custom-functions.php on line 568

2022-12-29T14:14:12+00:00 CRITICAL Uncaught Error: Call to undefined function seva_get_fonts() in /home/u799386343/domains/hapwork.co/public_html/wp-content/themes/rara-ecommerce/inc/custom-functions.php:568
Stack trace:
#0 /home/u799386343/domains/hapwork.co/public_html/wp-includes/class-wp-hook.php(308): rara_ecommerce_dynamic_mce_css_ajax_callback()
#1 /home/u799386343/domains/hapwork.co/public_html/wp-includes/class-wp-hook.php(332): WP_Hook->apply_filters()
#2 /home/u799386343/domains/hapwork.co/public_html/wp-includes/plugin.php(517): WP_Hook->do_action()
#3 /home/u799386343/domains/hapwork.co/public_html/wp-admin/admin-ajax.php(188): do_action()
#4 {main}
  thrown in /home/u799386343/domains/hapwork.co/public_html/wp-content/themes/rara-ecommerce/inc/custom-functions.php on line 568

2022-12-29T14:14:12+00:00 CRITICAL Uncaught Error: Call to undefined function seva_get_fonts() in /home/u799386343/domains/hapwork.co/public_html/wp-content/themes/rara-ecommerce/inc/custom-functions.php:568
Stack trace:
#0 /home/u799386343/domains/hapwork.co/public_html/wp-includes/class-wp-hook.php(308): rara_ecommerce_dynamic_mce_css_ajax_callback()
#1 /home/u799386343/domains/hapwork.co/public_html/wp-includes/class-wp-hook.php(332): WP_Hook->apply_filters()
#2 /home/u799386343/domains/hapwork.co/public_html/wp-includes/plugin.php(517): WP_Hook->do_action()
#3 /home/u799386343/domains/hapwork.co/public_html/wp-admin/admin-ajax.php(188): do_action()
#4 {main}
  thrown in /home/u799386343/domains/hapwork.co/public_html/wp-content/themes/rara-ecommerce/inc/custom-functions.php on line 568

2022-12-29T14:14:24+00:00 CRITICAL Uncaught Error: Call to undefined function seva_get_fonts() in /home/u799386343/domains/hapwork.co/public_html/wp-content/themes/rara-ecommerce/inc/custom-functions.php:568
Stack trace:
#0 /home/u799386343/domains/hapwork.co/public_html/wp-includes/class-wp-hook.php(308): rara_ecommerce_dynamic_mce_css_ajax_callback()
#1 /home/u799386343/domains/hapwork.co/public_html/wp-includes/class-wp-hook.php(332): WP_Hook->apply_filters()
#2 /home/u799386343/domains/hapwork.co/public_html/wp-includes/plugin.php(517): WP_Hook->do_action()
#3 /home/u799386343/domains/hapwork.co/public_html/wp-admin/admin-ajax.php(188): do_action()
#4 {main}
  thrown in /home/u799386343/domains/hapwork.co/public_html/wp-content/themes/rara-ecommerce/inc/custom-functions.php on line 568

2022-12-29T14:14:25+00:00 CRITICAL Uncaught Error: Call to undefined function seva_get_fonts() in /home/u799386343/domains/hapwork.co/public_html/wp-content/themes/rara-ecommerce/inc/custom-functions.php:568
Stack trace:
#0 /home/u799386343/domains/hapwork.co/public_html/wp-includes/class-wp-hook.php(308): rara_ecommerce_dynamic_mce_css_ajax_callback()
#1 /home/u799386343/domains/hapwork.co/public_html/wp-includes/class-wp-hook.php(332): WP_Hook->apply_filters()
#2 /home/u799386343/domains/hapwork.co/public_html/wp-includes/plugin.php(517): WP_Hook->do_action()
#3 /home/u799386343/domains/hapwork.co/public_html/wp-admin/admin-ajax.php(188): do_action()
#4 {main}
  thrown in /home/u799386343/domains/hapwork.co/public_html/wp-content/themes/rara-ecommerce/inc/custom-functions.php on line 568

2022-12-29T14:14:30+00:00 CRITICAL Uncaught Error: Call to undefined function seva_get_fonts() in /home/u799386343/domains/hapwork.co/public_html/wp-content/themes/rara-ecommerce/inc/custom-functions.php:568
Stack trace:
#0 /home/u799386343/domains/hapwork.co/public_html/wp-includes/class-wp-hook.php(308): rara_ecommerce_dynamic_mce_css_ajax_callback()
#1 /home/u799386343/domains/hapwork.co/public_html/wp-includes/class-wp-hook.php(332): WP_Hook->apply_filters()
#2 /home/u799386343/domains/hapwork.co/public_html/wp-includes/plugin.php(517): WP_Hook->do_action()
#3 /home/u799386343/domains/hapwork.co/public_html/wp-admin/admin-ajax.php(188): do_action()
#4 {main}
  thrown in /home/u799386343/domains/hapwork.co/public_html/wp-content/themes/rara-ecommerce/inc/custom-functions.php on line 568

2022-12-29T14:14:30+00:00 CRITICAL Uncaught Error: Call to undefined function seva_get_fonts() in /home/u799386343/domains/hapwork.co/public_html/wp-content/themes/rara-ecommerce/inc/custom-functions.php:568
Stack trace:
#0 /home/u799386343/domains/hapwork.co/public_html/wp-includes/class-wp-hook.php(308): rara_ecommerce_dynamic_mce_css_ajax_callback()
#1 /home/u799386343/domains/hapwork.co/public_html/wp-includes/class-wp-hook.php(332): WP_Hook->apply_filters()
#2 /home/u799386343/domains/hapwork.co/public_html/wp-includes/plugin.php(517): WP_Hook->do_action()
#3 /home/u799386343/domains/hapwork.co/public_html/wp-admin/admin-ajax.php(188): do_action()
#4 {main}
  thrown in /home/u799386343/domains/hapwork.co/public_html/wp-content/themes/rara-ecommerce/inc/custom-functions.php on line 568

2022-12-29T14:14:49+00:00 CRITICAL Uncaught Error: Call to undefined function seva_get_fonts() in /home/u799386343/domains/hapwork.co/public_html/wp-content/themes/rara-ecommerce/inc/custom-functions.php:568
Stack trace:
#0 /home/u799386343/domains/hapwork.co/public_html/wp-includes/class-wp-hook.php(308): rara_ecommerce_dynamic_mce_css_ajax_callback()
#1 /home/u799386343/domains/hapwork.co/public_html/wp-includes/class-wp-hook.php(332): WP_Hook->apply_filters()
#2 /home/u799386343/domains/hapwork.co/public_html/wp-includes/plugin.php(517): WP_Hook->do_action()
#3 /home/u799386343/domains/hapwork.co/public_html/wp-admin/admin-ajax.php(188): do_action()
#4 {main}
  thrown in /home/u799386343/domains/hapwork.co/public_html/wp-content/themes/rara-ecommerce/inc/custom-functions.php on line 568

2022-12-29T14:14:49+00:00 CRITICAL Uncaught Error: Call to undefined function seva_get_fonts() in /home/u799386343/domains/hapwork.co/public_html/wp-content/themes/rara-ecommerce/inc/custom-functions.php:568
Stack trace:
#0 /home/u799386343/domains/hapwork.co/public_html/wp-includes/class-wp-hook.php(308): rara_ecommerce_dynamic_mce_css_ajax_callback()
#1 /home/u799386343/domains/hapwork.co/public_html/wp-includes/class-wp-hook.php(332): WP_Hook->apply_filters()
#2 /home/u799386343/domains/hapwork.co/public_html/wp-includes/plugin.php(517): WP_Hook->do_action()
#3 /home/u799386343/domains/hapwork.co/public_html/wp-admin/admin-ajax.php(188): do_action()
#4 {main}
  thrown in /home/u799386343/domains/hapwork.co/public_html/wp-content/themes/rara-ecommerce/inc/custom-functions.php on line 568

2022-12-29T14:14:52+00:00 CRITICAL Uncaught Error: Call to undefined function seva_get_fonts() in /home/u799386343/domains/hapwork.co/public_html/wp-content/themes/rara-ecommerce/inc/custom-functions.php:568
Stack trace:
#0 /home/u799386343/domains/hapwork.co/public_html/wp-includes/class-wp-hook.php(308): rara_ecommerce_dynamic_mce_css_ajax_callback()
#1 /home/u799386343/domains/hapwork.co/public_html/wp-includes/class-wp-hook.php(332): WP_Hook->apply_filters()
#2 /home/u799386343/domains/hapwork.co/public_html/wp-includes/plugin.php(517): WP_Hook->do_action()
#3 /home/u799386343/domains/hapwork.co/public_html/wp-admin/admin-ajax.php(188): do_action()
#4 {main}
  thrown in /home/u799386343/domains/hapwork.co/public_html/wp-content/themes/rara-ecommerce/inc/custom-functions.php on line 568

2022-12-29T14:14:54+00:00 CRITICAL Uncaught Error: Call to undefined function seva_get_fonts() in /home/u799386343/domains/hapwork.co/public_html/wp-content/themes/rara-ecommerce/inc/custom-functions.php:568
Stack trace:
#0 /home/u799386343/domains/hapwork.co/public_html/wp-includes/class-wp-hook.php(308): rara_ecommerce_dynamic_mce_css_ajax_callback()
#1 /home/u799386343/domains/hapwork.co/public_html/wp-includes/class-wp-hook.php(332): WP_Hook->apply_filters()
#2 /home/u799386343/domains/hapwork.co/public_html/wp-includes/plugin.php(517): WP_Hook->do_action()
#3 /home/u799386343/domains/hapwork.co/public_html/wp-admin/admin-ajax.php(188): do_action()
#4 {main}
  thrown in /home/u799386343/domains/hapwork.co/public_html/wp-content/themes/rara-ecommerce/inc/custom-functions.php on line 568

